[18:28:06.682] - 100000 - Premium - CREADO
[18:28:06.683] - 100000 - Premium - EN_COLA
[18:28:06.683] - 100000 - Premium - ASIGNADO_VRAM
[18:28:06.791] - 100001 - Premium - CREADO
[18:28:06.791] - 100001 - Premium - EN_COLA
[18:28:06.791] - 100001 - Premium - ASIGNADO_VRAM
[18:28:06.903] - 100002 - Premium - CREADO
[18:28:06.903] - 100002 - Premium - EN_COLA
[18:28:07.009] - 100003 - Premium - CREADO
[18:28:07.009] - 100003 - Premium - EN_COLA
[18:28:07.122] - 100004 - Premium - CREADO
[18:28:07.123] - 100004 - Premium - EN_COLA
[18:28:07.228] - 100005 - Premium - CREADO
[18:28:07.229] - 100005 - Premium - EN_COLA
[18:28:07.336] - 100006 - Free - CREADO
[18:28:07.336] - 100006 - Free - EN_COLA
[18:28:07.450] - 100007 - Premium - CREADO
[18:28:07.450] - 100007 - Premium - EN_COLA
[18:28:07.997] - 100000 - Premium - FINALIZADO
[18:28:07.997] - 100002 - Premium - ASIGNADO_VRAM
[18:28:08.697] - 100001 - Premium - FINALIZADO
[18:28:08.697] - 100004 - Premium - ASIGNADO_VRAM
[18:28:09.398] - 100002 - Premium - FINALIZADO
[18:28:09.398] - 100007 - Premium - ASIGNADO_VRAM
[18:28:10.111] - 100004 - Premium - FINALIZADO
[18:28:10.111] - 100003 - Premium - ASIGNADO_VRAM
[18:28:10.812] - 100007 - Premium - FINALIZADO
[18:28:10.812] - 100005 - Premium - ASIGNADO_VRAM
[18:28:11.512] - 100003 - Premium - FINALIZADO
[18:28:11.512] - 100006 - Free - ASIGNADO_VRAM
[18:28:12.213] - 100005 - Premium - FINALIZADO
[18:28:12.820] - 100006 - Free - FINALIZADO
